2022-07-13 10:48:09 root - INFO - Loading landing page...
2022-07-13 10:48:10 root - INFO - loaded landing page
2022-07-13 10:49:52 root - INFO -  trying to load login page for Management login
2022-07-13 10:49:52 root - INFO - Successfully loaded...
2022-07-13 10:50:03 root - INFO -  trying to load login page for Management login
2022-07-13 10:50:03 root - INFO - Successfully loaded...
2022-07-13 10:50:13 root - INFO - admin trying to login...
2022-07-13 10:50:13 root - INFO - Checking login limit for Management login
2022-07-13 10:50:13 root - INFO - Authenticating Management user
2022-07-13 10:50:13 root - INFO - Checking login....
2022-07-13 10:50:13 root - INFO - Done, Successfully logged in...
2022-07-13 10:50:20 root - INFO - logging out..
2022-07-13 10:50:20 root - INFO - User logged out from portal...
2022-07-13 10:50:20 root - INFO -  trying to load login page for Management login
2022-07-13 10:50:20 root - INFO - Successfully loaded...
2022-07-13 10:50:59 root - INFO -  trying to load login page for Management login
2022-07-13 10:50:59 root - INFO - Successfully loaded...
2022-07-13 10:51:01 root - INFO - Loading landing page...
2022-07-13 10:51:02 root - INFO - loaded landing page
2022-07-13 10:51:03 root - INFO - Loading landing page...
2022-07-13 10:51:03 root - INFO - loaded landing page
2022-07-13 10:51:06 root - INFO -  trying to load login page for Management login
2022-07-13 10:51:06 root - INFO - Successfully loaded...
2022-07-13 10:51:18 root - INFO -  trying to load login page for Management login
2022-07-13 10:51:18 root - INFO - Successfully loaded...
2022-07-13 10:51:25 root - INFO - admin trying to login...
2022-07-13 10:51:25 root - INFO - Checking login limit for Management login
2022-07-13 10:51:25 root - WARNING - admin entered credentials are not matching with db user...
2022-07-13 10:51:31 root - INFO - admin trying to login...
2022-07-13 10:51:31 root - INFO - Checking login limit for Management login
2022-07-13 10:51:31 root - INFO - Authenticating Management user
2022-07-13 10:51:31 root - INFO - Checking login....
2022-07-13 10:51:31 root - INFO - Done, Successfully logged in...
2022-07-13 10:51:38 root - INFO - logging out..
2022-07-13 10:51:38 root - INFO - User logged out from portal...
2022-07-13 10:51:38 root - INFO -  trying to load login page for Management login
2022-07-13 10:51:38 root - INFO - Successfully loaded...
2022-07-13 10:51:52 root - INFO -  trying to load login page for Management login
2022-07-13 10:51:52 root - INFO - Successfully loaded...
2022-07-13 10:52:02 root - INFO -  trying to load login page for Management login
2022-07-13 10:52:02 root - INFO - Successfully loaded...
2022-07-13 10:53:23 root - INFO -  trying to load login page for Management login
2022-07-13 10:53:23 root - INFO - Successfully loaded...
2022-07-13 10:54:50 root - INFO -  trying to load login page for Management login
2022-07-13 10:54:50 root - INFO - Successfully loaded...
2022-07-13 10:55:12 root - INFO -  trying to load login page for Management login
2022-07-13 10:55:12 root - INFO - Successfully loaded...
2022-07-13 10:55:43 root - INFO -  trying to load login page for Management login
2022-07-13 10:55:43 root - INFO - Successfully loaded...
2022-07-13 10:55:46 root - INFO -  trying to load login page for Management login
2022-07-13 10:55:46 root - INFO - Successfully loaded...
2022-07-13 10:56:06 root - INFO -  trying to load login page for Management login
2022-07-13 10:56:06 root - INFO - Successfully loaded...
2022-07-13 10:56:25 root - INFO -  trying to load login page for Management login
2022-07-13 10:56:25 root - INFO - Successfully loaded...
2022-07-13 10:56:30 root - WARNING - sfssd entered credentials are not matching for authentication...
2022-07-13 10:57:30 root - WARNING - sfssd entered credentials are not matching for authentication...
2022-07-13 11:02:51 root - INFO - Loading landing page...
2022-07-13 11:02:52 root - INFO - loaded landing page
2022-07-13 11:02:53 root - INFO - Loading landing page...
2022-07-13 11:02:53 root - INFO - loaded landing page
2022-07-13 11:02:55 root - INFO -  trying to load login page for Management login
2022-07-13 11:02:55 root - INFO - Successfully loaded...
2022-07-13 11:03:00 root - WARNING - sdfs entered credentials are not matching for authentication...
2022-07-13 11:03:01 root - INFO -  trying to load login page for Management login
2022-07-13 11:03:01 root - INFO - Successfully loaded...
2022-07-13 11:03:06 root - INFO -  trying to load login page for Management login
2022-07-13 11:03:06 root - INFO - Successfully loaded...
2022-07-13 11:03:07 root - INFO -  trying to load login page for Management login
2022-07-13 11:03:07 root - INFO - Successfully loaded...
2022-07-13 11:03:46 root - INFO -  trying to load login page for Management login
2022-07-13 11:03:46 root - INFO - Successfully loaded...
2022-07-13 11:03:51 root - WARNING - dfs entered credentials are not matching for authentication...
2022-07-13 11:04:12 root - INFO - admin trying to login...
2022-07-13 11:04:12 root - INFO - Checking login limit for Management login
2022-07-13 11:04:13 root - INFO - Authenticating Management user
2022-07-13 11:04:13 root - INFO - Checking login....
2022-07-13 11:04:13 root - INFO - Done, Successfully logged in...
2022-07-13 11:04:17 root - INFO - logging out..
2022-07-13 11:04:17 root - INFO - User logged out from portal...
2022-07-13 11:04:17 root - INFO -  trying to load login page for Management login
2022-07-13 11:04:17 root - INFO - Successfully loaded...
2022-07-13 11:04:22 root - WARNING - sfsd entered credentials are not matching for authentication...
2022-07-13 11:04:27 root - INFO -  trying to load login page for Management login
2022-07-13 11:04:27 root - INFO - Successfully loaded...
2022-07-13 11:06:14 root - INFO -  trying to load login page for Management login
2022-07-13 11:06:14 root - INFO - Successfully loaded...
2022-07-13 11:06:18 root - WARNING - sdf entered credentials are not matching for authentication...
2022-07-13 11:06:32 root - INFO - Loading landing page...
2022-07-13 11:06:33 root - INFO - loaded landing page
2022-07-13 11:06:34 root - INFO - Loading landing page...
2022-07-13 11:06:34 root - INFO - loaded landing page
2022-07-13 11:06:36 root - INFO -  trying to load login page for Management login
2022-07-13 11:06:36 root - INFO - Successfully loaded...
2022-07-13 11:06:39 root - WARNING - sdfsd entered credentials are not matching for authentication...
2022-07-13 11:06:41 root - INFO -  trying to load login page for Management login
2022-07-13 11:06:41 root - INFO - Successfully loaded...
2022-07-13 11:06:58 root - INFO -  trying to load login page for Management login
2022-07-13 11:06:58 root - INFO - Successfully loaded...
2022-07-13 11:07:02 root - WARNING - fsdfs entered credentials are not matching for authentication...
2022-07-13 11:07:04 root - INFO -  trying to load login page for Management login
2022-07-13 11:07:04 root - INFO - Successfully loaded...
2022-07-13 11:07:19 django.request - WARNING - Not Found: /favicon.ico
2022-07-13 11:07:39 root - INFO - Loading landing page...
2022-07-13 11:07:39 root - INFO - loaded landing page
2022-07-13 11:07:41 root - INFO -  trying to load login page for Management login
2022-07-13 11:07:41 root - INFO - Successfully loaded...
2022-07-13 11:07:46 root - WARNING - sdfsd entered credentials are not matching for authentication...
2022-07-13 11:07:47 root - INFO -  trying to load login page for Management login
2022-07-13 11:07:47 root - INFO - Successfully loaded...
2022-07-13 11:08:26 root - INFO - admin trying to login...
2022-07-13 11:08:26 root - INFO - Checking login limit for Management login
2022-07-13 11:08:26 root - WARNING - admin entered credentials are not matching with db user...
2022-07-13 11:08:29 root - INFO -  trying to load login page for Management login
2022-07-13 11:08:29 root - INFO - Successfully loaded...
2022-07-13 11:08:37 root - WARNING - dsfds entered credentials are not matching for authentication...
2022-07-13 11:08:39 root - INFO -  trying to load login page for Management login
2022-07-13 11:08:39 root - INFO - Successfully loaded...
2022-07-13 11:29:35 root - INFO -  trying to load login page for Management login
2022-07-13 11:29:35 root - INFO - Successfully loaded...
2022-07-13 11:29:41 root - WARNING - fdfd entered credentials are not matching for authentication...
2022-07-13 11:29:47 root - INFO -  trying to load login page for Management login
2022-07-13 11:29:47 root - INFO - Successfully loaded...
